Starting project at /app/frontend
React Compiler enabled
Starting Metro Bundler
Waiting on http://localhost:8081
Logs for your project will appear below.
Web node_modules/expo-router/entry.js ░░░░░░░░░░░░░░░░  0.0% (0/1)
Web node_modules/expo-router/entry.js ▓▓▓▓░░░░░░░░░░░░ 25.0% ( 75/176)
λ node_modules/expo-router/node/render.js ▓▓░░░░░░░░░░░░░░ 15.9% (142/356)
Web node_modules/expo-router/entry.js ▓▓▓▓▓▓▓▓░░░░░░░░ 50.2% (180/254)
λ node_modules/expo-router/node/render.js ▓▓▓▓▓▓▓░░░░░░░░░ 45.2% (343/510)
Web node_modules/expo-router/entry.js ▓▓▓▓▓▓▓▓░░░░░░░░ 50.2% (251/407)
λ node_modules/expo-router/node/render.js ▓▓▓▓▓▓▓▓▓░░░░░░░ 58.1% ( 510/2548)
Web node_modules/expo-router/entry.js ▓▓▓▓▓▓▓▓░░░░░░░░ 50.2% (290/449)
λ node_modules/expo-router/node/render.js ▓▓▓▓▓▓▓▓▓░░░░░░░ 58.1% ( 849/2651)
Web node_modules/expo-router/entry.js ▓▓▓▓▓▓▓▓░░░░░░░░ 52.3% (379/535)
λ node_modules/expo-router/node/render.js ▓▓▓▓▓▓▓▓▓░░░░░░░ 58.1% (1230/2684)
Web node_modules/expo-router/entry.js ▓▓▓▓▓▓▓▓░░░░░░░░ 52.3% (379/535)
λ node_modules/expo-router/node/render.js ▓▓▓▓▓▓▓▓▓▓▓▓▓░░░ 83.8% (2457/2684)
Web node_modules/expo-router/entry.js ▓▓▓▓▓▓▓▓▓░░░░░░░ 58.1% ( 521/2601)
λ node_modules/expo-router/node/render.js ▓▓▓▓▓▓▓▓▓▓▓▓▓▓░░ 90.6% (2690/2843)
Web node_modules/expo-router/entry.js ▓▓▓▓▓▓▓▓▓░░░░░░░ 58.1% (1126/2741)
λ node_modules/expo-router/node/render.js ▓▓▓▓▓▓▓▓▓▓▓▓▓▓░░ 93.6% (2832/2928)
Web node_modules/expo-router/entry.js ▓▓▓▓▓▓▓▓▓▓▓▓▓░░░ 85.8% (2554/2757)
λ node_modules/expo-router/node/render.js ▓▓▓▓▓▓▓▓▓▓▓▓▓▓▓░ 93.9% (2845/2936)
Web node_modules/expo-router/entry.js ▓▓▓▓▓▓▓▓▓▓▓▓▓▓▓░ 94.0% (2908/3001)
λ node_modules/expo-router/node/render.js ▓▓▓▓▓▓▓▓▓▓▓▓▓▓▓░ 96.8% (3053/3105)
λ Bundled 37120ms node_modules/expo-router/node/render.js (3230 modules)
"shadow*" style props are deprecated. Use "boxShadow".
Web node_modules/expo-router/entry.js ▓▓▓▓▓▓▓▓▓▓▓▓▓▓▓░ 99.9% (3201/3205)
Web Bundled 43311ms node_modules/expo-router/entry.js (3205 modules)
Web node_modules/expo-router/entry.js ░░░░░░░░░░░░░░░░  0.0% (0/1)
λ Bundled 152ms node_modules/expo-router/node/render.js (1 module)
"shadow*" style props are deprecated. Use "boxShadow".
Web Bundled 918ms node_modules/expo-router/entry.js (1 module)
Web node_modules/expo-router/entry.js ▓▓▓▓░░░░░░░░░░░░ 30.9% ( 77/267)
Web node_modules/expo-router/entry.js ▓▓▓▓▓░░░░░░░░░░░ 35.5% ( 352/2462)
Web node_modules/expo-router/entry.js ▓▓▓▓▓░░░░░░░░░░░ 35.5% ( 814/2647)
Web node_modules/expo-router/entry.js ▓▓▓▓▓▓▓▓▓░░░░░░░ 61.6% (2095/2669)
Web node_modules/expo-router/entry.js ▓▓▓▓▓▓▓▓▓▓▓▓▓▓░░ 89.0% (2761/2926)
Web node_modules/expo-router/entry.js ▓▓▓▓▓▓▓▓▓▓▓▓▓▓▓░ 95.9% (3097/3162)
Web Bundled 21233ms node_modules/expo-router/entry.js (3205 modules)
 LOG  [web] Logs will appear in the browser console
